<?xml version="1.0" encoding="UTF-8"?>
<testsuite name="Academy Choucair" tests="1" skipped="0" failures="0" errors="0" timestamp="2021-07-11T04:46:04" hostname="DESKTOP-TH1I6NE" time="56.441">
  <properties/>
  <testcase name="Search for automation course" classname="Academy Choucair" time="56.441"/>
  <system-out><![CDATA[]]></system-out>
  <system-err><![CDATA[[Test worker] WARN net.thucydides.core.steps.BaseStepListener - stepStarted: net.thucydides.core.steps.ExecutedStepDescription@4efb34a3
[Test worker] WARN net.thucydides.core.steps.BaseStepListener - stepStarted: net.thucydides.core.steps.ExecutedStepDescription@cc8d88d
[Test worker] WARN net.thucydides.core.steps.BaseStepListener - stepStarted: net.thucydides.core.steps.ExecutedStepDescription@6ff7251c
Jul 10, 2021 11:46:06 PM org.openqa.selenium.remote.DesiredCapabilities chrome
INFO: Using `new ChromeOptions()` is preferred to `DesiredCapabilities.chrome()`
[Test worker] INFO net.serenitybdd.core.webdriver.driverproviders.ProvideNewDriver - Instantiating driver
[Test worker] INFO net.serenitybdd.core.webdriver.driverproviders.ProvideNewDriver - Driver capabilities: Capabilities {acceptInsecureCerts: false, browserName: chrome, chrome.switches: --start-maximized, goog:chromeOptions: {args: [--start-maximized], extensions: []}, loggingPrefs: org.openqa.selenium.logging..., platform: ANY, version: }
Starting ChromeDriver 91.0.4472.101 (af52a90bf87030dd1523486a1cd3ae25c5d76c9b-refs/branch-heads/4472@{#1462}) on port 5443
Only local connections are allowed.
Please see https://chromedriver.chromium.org/security-considerations for suggestions on keeping ChromeDriver safe.
ChromeDriver was started successfully.
Jul 10, 2021 11:46:20 PM org.openqa.selenium.remote.ProtocolHandshake createSession
INFO: Detected dialect: W3C
[Test worker] WARN net.thucydides.core.steps.BaseStepListener - stepFinished: current outcome:Search for automation course:Given that brandon wants to learn automation at the academy Choucair [Brandon open up [Brandon opens the Choucair academy page]]
[Test worker] WARN net.thucydides.core.steps.BaseStepListener - stepFinished: current outcome:Search for automation course:Given that brandon wants to learn automation at the academy Choucair [Brandon open up [Brandon opens the Choucair academy page]]
[Test worker] WARN net.thucydides.core.steps.BaseStepListener - stepStarted: net.thucydides.core.steps.ExecutedStepDescription@a9e650e
[Test worker] WARN net.thucydides.core.steps.BaseStepListener - stepStarted: net.thucydides.core.steps.ExecutedStepDescription@33348a5
[Test worker] WARN net.thucydides.core.steps.BaseStepListener - stepFinished: current outcome:Search for automation course:Given that brandon wants to learn automation at the academy Choucair [Brandon open up [Brandon opens the Choucair academy page], Brandon login [Brandon clicks on button that shows us the login form]]
[Test worker] WARN net.thucydides.core.steps.BaseStepListener - stepStarted: net.thucydides.core.steps.ExecutedStepDescription@69a9d873
[Test worker] WARN net.thucydides.core.steps.BaseStepListener - stepFinished: current outcome:Search for automation course:Given that brandon wants to learn automation at the academy Choucair [Brandon open up [Brandon opens the Choucair academy page], Brandon login [Brandon clicks on button that shows us the login form, Brandon enters '892059' into Where the user write the username]]
[Test worker] WARN net.thucydides.core.steps.BaseStepListener - stepStarted: net.thucydides.core.steps.ExecutedStepDescription@6a0c6a46
[Test worker] WARN net.thucydides.core.steps.BaseStepListener - stepFinished: current outcome:Search for automation course:Given that brandon wants to learn automation at the academy Choucair [Brandon open up [Brandon opens the Choucair academy page], Brandon login [Brandon clicks on button that shows us the login form, Brandon enters '892059' into Where the user write the username, Brandon enters 'Choucair2021*' into Where the user write the password]]
[Test worker] WARN net.thucydides.core.steps.BaseStepListener - stepStarted: net.thucydides.core.steps.ExecutedStepDescription@273c24ae
[Test worker] WARN net.thucydides.core.steps.BaseStepListener - stepFinished: current outcome:Search for automation course:Given that brandon wants to learn automation at the academy Choucair [Brandon open up [Brandon opens the Choucair academy page], Brandon login [Brandon clicks on button that shows us the login form, Brandon enters '892059' into Where the user write the username, Brandon enters 'Choucair2021*' into Where the user write the password, Brandon clicks on Press me to login]]
[Test worker] WARN net.thucydides.core.steps.BaseStepListener - stepFinished: current outcome:Search for automation course:Given that brandon wants to learn automation at the academy Choucair [Brandon open up [Brandon opens the Choucair academy page], Brandon login [Brandon clicks on button that shows us the login form, Brandon enters '892059' into Where the user write the username, Brandon enters 'Choucair2021*' into Where the user write the password, Brandon clicks on Press me to login]]
[Test worker] WARN net.thucydides.core.steps.BaseStepListener - stepFinished: current outcome:Search for automation course:Given that brandon wants to learn automation at the academy Choucair [Brandon open up [Brandon opens the Choucair academy page], Brandon login [Brandon clicks on button that shows us the login form, Brandon enters '892059' into Where the user write the username, Brandon enters 'Choucair2021*' into Where the user write the password, Brandon clicks on Press me to login]]
[Test worker] WARN net.thucydides.core.steps.BaseStepListener - stepStarted: net.thucydides.core.steps.ExecutedStepDescription@1dac189c
[Test worker] WARN net.thucydides.core.steps.BaseStepListener - stepStarted: net.thucydides.core.steps.ExecutedStepDescription@210d2b90
[Test worker] WARN net.thucydides.core.steps.BaseStepListener - stepStarted: net.thucydides.core.steps.ExecutedStepDescription@25a66dc7
[Test worker] WARN net.thucydides.core.steps.BaseStepListener - stepFinished: current outcome:Search for automation course:Given that brandon wants to learn automation at the academy Choucair [Brandon open up [Brandon opens the Choucair academy page], Brandon login [Brandon clicks on button that shows us the login form, Brandon enters '892059' into Where the user write the username, Brandon enters 'Choucair2021*' into Where the user write the password, Brandon clicks on Press me to login]], When he search for the course Metodología Bancolombia on the Choucair academy platform [Brandon search [Brandon clicks on Choose what kind of course]]
[Test worker] WARN net.thucydides.core.steps.BaseStepListener - stepStarted: net.thucydides.core.steps.ExecutedStepDescription@3df6df3e
[Test worker] WARN net.thucydides.core.steps.BaseStepListener - stepFinished: current outcome:Search for automation course:Given that brandon wants to learn automation at the academy Choucair [Brandon open up [Brandon opens the Choucair academy page], Brandon login [Brandon clicks on button that shows us the login form, Brandon enters '892059' into Where the user write the username, Brandon enters 'Choucair2021*' into Where the user write the password, Brandon clicks on Press me to login]], When he search for the course Metodología Bancolombia on the Choucair academy platform [Brandon search [Brandon clicks on Choose what kind of course, Brandon enters 'Metodología Bancolombia' into Where the user write the course]]
[Test worker] WARN net.thucydides.core.steps.BaseStepListener - stepStarted: net.thucydides.core.steps.ExecutedStepDescription@334a0134
[Test worker] WARN net.thucydides.core.steps.BaseStepListener - stepFinished: current outcome:Search for automation course:Given that brandon wants to learn automation at the academy Choucair [Brandon open up [Brandon opens the Choucair academy page], Brandon login [Brandon clicks on button that shows us the login form, Brandon enters '892059' into Where the user write the username, Brandon enters 'Choucair2021*' into Where the user write the password, Brandon clicks on Press me to login]], When he search for the course Metodología Bancolombia on the Choucair academy platform [Brandon search [Brandon clicks on Choose what kind of course, Brandon enters 'Metodología Bancolombia' into Where the user write the course, Brandon clicks on Click me to search the course]]
[Test worker] WARN net.thucydides.core.steps.BaseStepListener - stepStarted: net.thucydides.core.steps.ExecutedStepDescription@2edcd6e0
[Test worker] WARN net.thucydides.core.steps.BaseStepListener - stepFinished: current outcome:Search for automation course:Given that brandon wants to learn automation at the academy Choucair [Brandon open up [Brandon opens the Choucair academy page], Brandon login [Brandon clicks on button that shows us the login form, Brandon enters '892059' into Where the user write the username, Brandon enters 'Choucair2021*' into Where the user write the password, Brandon clicks on Press me to login]], When he search for the course Metodología Bancolombia on the Choucair academy platform [Brandon search [Brandon clicks on Choose what kind of course, Brandon enters 'Metodología Bancolombia' into Where the user write the course, Brandon clicks on Click me to search the course, Brandon clicks on Open the course]]
[Test worker] WARN net.thucydides.core.steps.BaseStepListener - stepFinished: current outcome:Search for automation course:Given that brandon wants to learn automation at the academy Choucair [Brandon open up [Brandon opens the Choucair academy page], Brandon login [Brandon clicks on button that shows us the login form, Brandon enters '892059' into Where the user write the username, Brandon enters 'Choucair2021*' into Where the user write the password, Brandon clicks on Press me to login]], When he search for the course Metodología Bancolombia on the Choucair academy platform [Brandon search [Brandon clicks on Choose what kind of course, Brandon enters 'Metodología Bancolombia' into Where the user write the course, Brandon clicks on Click me to search the course, Brandon clicks on Open the course]]
[Test worker] WARN net.thucydides.core.steps.BaseStepListener - stepFinished: current outcome:Search for automation course:Given that brandon wants to learn automation at the academy Choucair [Brandon open up [Brandon opens the Choucair academy page], Brandon login [Brandon clicks on button that shows us the login form, Brandon enters '892059' into Where the user write the username, Brandon enters 'Choucair2021*' into Where the user write the password, Brandon clicks on Press me to login]], When he search for the course Metodología Bancolombia on the Choucair academy platform [Brandon search [Brandon clicks on Choose what kind of course, Brandon enters 'Metodología Bancolombia' into Where the user write the course, Brandon clicks on Click me to search the course, Brandon clicks on Open the course]]
[Test worker] WARN net.thucydides.core.steps.BaseStepListener - stepStarted: net.thucydides.core.steps.ExecutedStepDescription@7f4e80ce
[Test worker] WARN net.thucydides.core.steps.BaseStepListener - stepStarted: net.thucydides.core.steps.ExecutedStepDescription@4eabb1d8
[Test worker] WARN net.thucydides.core.steps.BaseStepListener - stepFinished: current outcome:Search for automation course:Given that brandon wants to learn automation at the academy Choucair [Brandon open up [Brandon opens the Choucair academy page], Brandon login [Brandon clicks on button that shows us the login form, Brandon enters '892059' into Where the user write the username, Brandon enters 'Choucair2021*' into Where the user write the password, Brandon clicks on Press me to login]], When he search for the course Metodología Bancolombia on the Choucair academy platform [Brandon search [Brandon clicks on Choose what kind of course, Brandon enters 'Metodología Bancolombia' into Where the user write the course, Brandon clicks on Click me to search the course, Brandon clicks on Open the course]], Then he finds the course called resources Metodología Bancolombia [Then answer]
[Test worker] WARN net.thucydides.core.steps.BaseStepListener - stepFinished: current outcome:Search for automation course:Given that brandon wants to learn automation at the academy Choucair [Brandon open up [Brandon opens the Choucair academy page], Brandon login [Brandon clicks on button that shows us the login form, Brandon enters '892059' into Where the user write the username, Brandon enters 'Choucair2021*' into Where the user write the password, Brandon clicks on Press me to login]], When he search for the course Metodología Bancolombia on the Choucair academy platform [Brandon search [Brandon clicks on Choose what kind of course, Brandon enters 'Metodología Bancolombia' into Where the user write the course, Brandon clicks on Click me to search the course, Brandon clicks on Open the course]], Then he finds the course called resources Metodología Bancolombia [Then answer]
[Test worker] WARN net.thucydides.core.steps.BaseStepListener - testFinished: Search for automation course:Given that brandon wants to learn automation at the academy Choucair [Brandon open up [Brandon opens the Choucair academy page], Brandon login [Brandon clicks on button that shows us the login form, Brandon enters '892059' into Where the user write the username, Brandon enters 'Choucair2021*' into Where the user write the password, Brandon clicks on Press me to login]], When he search for the course Metodología Bancolombia on the Choucair academy platform [Brandon search [Brandon clicks on Choose what kind of course, Brandon enters 'Metodología Bancolombia' into Where the user write the course, Brandon clicks on Click me to search the course, Brandon clicks on Open the course]], Then he finds the course called resources Metodología Bancolombia [Then answer]
[Test worker] WARN net.thucydides.core.steps.BaseStepListener - TestOutcomes: [Search for automation course:Given that brandon wants to learn automation at the academy Choucair [Brandon open up [Brandon opens the Choucair academy page], Brandon login [Brandon clicks on button that shows us the login form, Brandon enters '892059' into Where the user write the username, Brandon enters 'Choucair2021*' into Where the user write the password, Brandon clicks on Press me to login]], When he search for the course Metodología Bancolombia on the Choucair academy platform [Brandon search [Brandon clicks on Choose what kind of course, Brandon enters 'Metodología Bancolombia' into Where the user write the course, Brandon clicks on Click me to search the course, Brandon clicks on Open the course]], Then he finds the course called resources Metodología Bancolombia [Then answer]]
[Test worker] WARN net.thucydides.core.steps.BaseStepListener - Final testOutcomes: [Search for automation course:Given that brandon wants to learn automation at the academy Choucair [Brandon open up [Brandon opens the Choucair academy page], Brandon login [Brandon clicks on button that shows us the login form, Brandon enters '892059' into Where the user write the username, Brandon enters 'Choucair2021*' into Where the user write the password, Brandon clicks on Press me to login]], When he search for the course Metodología Bancolombia on the Choucair academy platform [Brandon search [Brandon clicks on Choose what kind of course, Brandon enters 'Metodología Bancolombia' into Where the user write the course, Brandon clicks on Click me to search the course, Brandon clicks on Open the course]], Then he finds the course called resources Metodología Bancolombia [Then answer]]
[Test worker] INFO net.thucydides.core.steps.ConsoleLoggingListener - 
        __    _____ _____ ____ _____   ____   _    ____  ____  _____ ____  
  _     \ \  |_   _| ____/ ___|_   _| |  _ \ / \  / ___|/ ___|| ____|  _ \ 
 (_)_____| |   | | |  _| \___ \ | |   | |_) / _ \ \___ \\___ \|  _| | | | |
  _|_____| |   | | | |___ ___) || |   |  __/ ___ \ ___) |___) | |___| |_| |
 (_)     | |   |_| |_____|____/ |_|   |_| /_/   \_\____/|____/|_____|____/ 
        /_/                                                                

TEST PASSED: Search for automation course
----------------------------------------------------------------------------
]]></system-err>
</testsuite>
