<?xml version="1.0" encoding="UTF-8"?>
<testsuite name="Academy Choucair" tests="1" skipped="0" failures="0" errors="0" timestamp="2021-07-11T06:50:47" hostname="DESKTOP-TH1I6NE" time="46.62">
  <properties/>
  <testcase name="Search for automation course" classname="Academy Choucair" time="46.62"/>
  <system-out><![CDATA[]]></system-out>
  <system-err><![CDATA[[Test worker] WARN net.thucydides.core.steps.BaseStepListener - stepStarted: net.thucydides.core.steps.ExecutedStepDescription@27e23a02
[Test worker] WARN net.thucydides.core.steps.BaseStepListener - stepStarted: net.thucydides.core.steps.ExecutedStepDescription@b761646
[Test worker] WARN net.thucydides.core.steps.BaseStepListener - stepStarted: net.thucydides.core.steps.ExecutedStepDescription@304f9cc
Jul 11, 2021 1:50:49 AM org.openqa.selenium.remote.DesiredCapabilities chrome
INFO: Using `new ChromeOptions()` is preferred to `DesiredCapabilities.chrome()`
[Test worker] INFO net.serenitybdd.core.webdriver.driverproviders.ProvideNewDriver - Instantiating driver
[Test worker] INFO net.serenitybdd.core.webdriver.driverproviders.ProvideNewDriver - Driver capabilities: Capabilities {acceptInsecureCerts: false, browserName: chrome, chrome.switches: --start-maximized, goog:chromeOptions: {args: [--start-maximized], extensions: []}, loggingPrefs: org.openqa.selenium.logging..., platform: ANY, version: }
Starting ChromeDriver 91.0.4472.101 (af52a90bf87030dd1523486a1cd3ae25c5d76c9b-refs/branch-heads/4472@{#1462}) on port 17911
Only local connections are allowed.
Please see https://chromedriver.chromium.org/security-considerations for suggestions on keeping ChromeDriver safe.
ChromeDriver was started successfully.
Jul 11, 2021 1:51:00 AM org.openqa.selenium.remote.ProtocolHandshake createSession
INFO: Detected dialect: W3C
[Test worker] WARN net.thucydides.core.steps.BaseStepListener - stepFinished: current outcome:Search for automation course:Given that Rose wants to learn automation at the academy Choucair
| strUser | strPassword |
| 892059 | Choucair2021* | [Rose open up [Rose opens the Choucair academy page]]
[Test worker] WARN net.thucydides.core.steps.BaseStepListener - stepFinished: current outcome:Search for automation course:Given that Rose wants to learn automation at the academy Choucair
| strUser | strPassword |
| 892059 | Choucair2021* | [Rose open up [Rose opens the Choucair academy page]]
[Test worker] WARN net.thucydides.core.steps.BaseStepListener - stepStarted: net.thucydides.core.steps.ExecutedStepDescription@1984c9f1
[Test worker] WARN net.thucydides.core.steps.BaseStepListener - stepStarted: net.thucydides.core.steps.ExecutedStepDescription@4ac0a51c
[Test worker] WARN net.thucydides.core.steps.BaseStepListener - stepFinished: current outcome:Search for automation course:Given that Rose wants to learn automation at the academy Choucair
| strUser | strPassword |
| 892059 | Choucair2021* | [Rose open up [Rose opens the Choucair academy page], Rose login [Rose clicks on button that shows us the login form]]
[Test worker] WARN net.thucydides.core.steps.BaseStepListener - stepStarted: net.thucydides.core.steps.ExecutedStepDescription@2474eb0
[Test worker] WARN net.thucydides.core.steps.BaseStepListener - stepFinished: current outcome:Search for automation course:Given that Rose wants to learn automation at the academy Choucair
| strUser | strPassword |
| 892059 | Choucair2021* | [Rose open up [Rose opens the Choucair academy page], Rose login [Rose clicks on button that shows us the login form, Rose enters '892059' into Where the user write the username]]
[Test worker] WARN net.thucydides.core.steps.BaseStepListener - stepStarted: net.thucydides.core.steps.ExecutedStepDescription@162b7f72
[Test worker] WARN net.thucydides.core.steps.BaseStepListener - stepFinished: current outcome:Search for automation course:Given that Rose wants to learn automation at the academy Choucair
| strUser | strPassword |
| 892059 | Choucair2021* | [Rose open up [Rose opens the Choucair academy page], Rose login [Rose clicks on button that shows us the login form, Rose enters '892059' into Where the user write the username, Rose enters 'Choucair2021*' into Where the user write the password]]
[Test worker] WARN net.thucydides.core.steps.BaseStepListener - stepStarted: net.thucydides.core.steps.ExecutedStepDescription@1932aa0d
[Test worker] WARN net.thucydides.core.steps.BaseStepListener - stepFinished: current outcome:Search for automation course:Given that Rose wants to learn automation at the academy Choucair
| strUser | strPassword |
| 892059 | Choucair2021* | [Rose open up [Rose opens the Choucair academy page], Rose login [Rose clicks on button that shows us the login form, Rose enters '892059' into Where the user write the username, Rose enters 'Choucair2021*' into Where the user write the password, Rose clicks on Press me to login]]
[Test worker] WARN net.thucydides.core.steps.BaseStepListener - stepFinished: current outcome:Search for automation course:Given that Rose wants to learn automation at the academy Choucair
| strUser | strPassword |
| 892059 | Choucair2021* | [Rose open up [Rose opens the Choucair academy page], Rose login [Rose clicks on button that shows us the login form, Rose enters '892059' into Where the user write the username, Rose enters 'Choucair2021*' into Where the user write the password, Rose clicks on Press me to login]]
[Test worker] WARN net.thucydides.core.steps.BaseStepListener - stepFinished: current outcome:Search for automation course:Given that Rose wants to learn automation at the academy Choucair
| strUser | strPassword |
| 892059 | Choucair2021* | [Rose open up [Rose opens the Choucair academy page], Rose login [Rose clicks on button that shows us the login form, Rose enters '892059' into Where the user write the username, Rose enters 'Choucair2021*' into Where the user write the password, Rose clicks on Press me to login]]
[Test worker] WARN net.thucydides.core.steps.BaseStepListener - stepStarted: net.thucydides.core.steps.ExecutedStepDescription@5d7b5781
[Test worker] WARN net.thucydides.core.steps.BaseStepListener - stepStarted: net.thucydides.core.steps.ExecutedStepDescription@128ce364
[Test worker] WARN net.thucydides.core.steps.BaseStepListener - stepStarted: net.thucydides.core.steps.ExecutedStepDescription@6281e55c
[Test worker] WARN net.thucydides.core.steps.BaseStepListener - stepFinished: current outcome:Search for automation course:Given that Rose wants to learn automation at the academy Choucair
| strUser | strPassword |
| 892059 | Choucair2021* | [Rose open up [Rose opens the Choucair academy page], Rose login [Rose clicks on button that shows us the login form, Rose enters '892059' into Where the user write the username, Rose enters 'Choucair2021*' into Where the user write the password, Rose clicks on Press me to login]], When she search for the course on the Choucair academy platform
| strCourse |
| Metodología Bancolombia | [Rose search [Rose clicks on Choose what kind of course]]
[Test worker] WARN net.thucydides.core.steps.BaseStepListener - stepStarted: net.thucydides.core.steps.ExecutedStepDescription@124d9203
[Test worker] WARN net.thucydides.core.steps.BaseStepListener - stepFinished: current outcome:Search for automation course:Given that Rose wants to learn automation at the academy Choucair
| strUser | strPassword |
| 892059 | Choucair2021* | [Rose open up [Rose opens the Choucair academy page], Rose login [Rose clicks on button that shows us the login form, Rose enters '892059' into Where the user write the username, Rose enters 'Choucair2021*' into Where the user write the password, Rose clicks on Press me to login]], When she search for the course on the Choucair academy platform
| strCourse |
| Metodología Bancolombia | [Rose search [Rose clicks on Choose what kind of course, Rose enters 'Metodología Bancolombia' into Where the user write the course]]
[Test worker] WARN net.thucydides.core.steps.BaseStepListener - stepStarted: net.thucydides.core.steps.ExecutedStepDescription@1f30323e
[Test worker] WARN net.thucydides.core.steps.BaseStepListener - stepFinished: current outcome:Search for automation course:Given that Rose wants to learn automation at the academy Choucair
| strUser | strPassword |
| 892059 | Choucair2021* | [Rose open up [Rose opens the Choucair academy page], Rose login [Rose clicks on button that shows us the login form, Rose enters '892059' into Where the user write the username, Rose enters 'Choucair2021*' into Where the user write the password, Rose clicks on Press me to login]], When she search for the course on the Choucair academy platform
| strCourse |
| Metodología Bancolombia | [Rose search [Rose clicks on Choose what kind of course, Rose enters 'Metodología Bancolombia' into Where the user write the course, Rose clicks on Click me to search the course]]
[Test worker] WARN net.thucydides.core.steps.BaseStepListener - stepStarted: net.thucydides.core.steps.ExecutedStepDescription@20db106c
[Test worker] WARN net.thucydides.core.steps.BaseStepListener - stepFinished: current outcome:Search for automation course:Given that Rose wants to learn automation at the academy Choucair
| strUser | strPassword |
| 892059 | Choucair2021* | [Rose open up [Rose opens the Choucair academy page], Rose login [Rose clicks on button that shows us the login form, Rose enters '892059' into Where the user write the username, Rose enters 'Choucair2021*' into Where the user write the password, Rose clicks on Press me to login]], When she search for the course on the Choucair academy platform
| strCourse |
| Metodología Bancolombia | [Rose search [Rose clicks on Choose what kind of course, Rose enters 'Metodología Bancolombia' into Where the user write the course, Rose clicks on Click me to search the course, Rose clicks on Open the course]]
[Test worker] WARN net.thucydides.core.steps.BaseStepListener - stepFinished: current outcome:Search for automation course:Given that Rose wants to learn automation at the academy Choucair
| strUser | strPassword |
| 892059 | Choucair2021* | [Rose open up [Rose opens the Choucair academy page], Rose login [Rose clicks on button that shows us the login form, Rose enters '892059' into Where the user write the username, Rose enters 'Choucair2021*' into Where the user write the password, Rose clicks on Press me to login]], When she search for the course on the Choucair academy platform
| strCourse |
| Metodología Bancolombia | [Rose search [Rose clicks on Choose what kind of course, Rose enters 'Metodología Bancolombia' into Where the user write the course, Rose clicks on Click me to search the course, Rose clicks on Open the course]]
[Test worker] WARN net.thucydides.core.steps.BaseStepListener - stepFinished: current outcome:Search for automation course:Given that Rose wants to learn automation at the academy Choucair
| strUser | strPassword |
| 892059 | Choucair2021* | [Rose open up [Rose opens the Choucair academy page], Rose login [Rose clicks on button that shows us the login form, Rose enters '892059' into Where the user write the username, Rose enters 'Choucair2021*' into Where the user write the password, Rose clicks on Press me to login]], When she search for the course on the Choucair academy platform
| strCourse |
| Metodología Bancolombia | [Rose search [Rose clicks on Choose what kind of course, Rose enters 'Metodología Bancolombia' into Where the user write the course, Rose clicks on Click me to search the course, Rose clicks on Open the course]]
[Test worker] WARN net.thucydides.core.steps.BaseStepListener - stepStarted: net.thucydides.core.steps.ExecutedStepDescription@3dce4012
[Test worker] WARN net.thucydides.core.steps.BaseStepListener - stepStarted: net.thucydides.core.steps.ExecutedStepDescription@5ea081d7
[Test worker] WARN net.thucydides.core.steps.BaseStepListener - stepFinished: current outcome:Search for automation course:Given that Rose wants to learn automation at the academy Choucair
| strUser | strPassword |
| 892059 | Choucair2021* | [Rose open up [Rose opens the Choucair academy page], Rose login [Rose clicks on button that shows us the login form, Rose enters '892059' into Where the user write the username, Rose enters 'Choucair2021*' into Where the user write the password, Rose clicks on Press me to login]], When she search for the course on the Choucair academy platform
| strCourse |
| Metodología Bancolombia | [Rose search [Rose clicks on Choose what kind of course, Rose enters 'Metodología Bancolombia' into Where the user write the course, Rose clicks on Click me to search the course, Rose clicks on Open the course]], Then she finds the course
| strCourse |
| Metodología Bancolombia | [Then answer]
[Test worker] WARN net.thucydides.core.steps.BaseStepListener - stepFinished: current outcome:Search for automation course:Given that Rose wants to learn automation at the academy Choucair
| strUser | strPassword |
| 892059 | Choucair2021* | [Rose open up [Rose opens the Choucair academy page], Rose login [Rose clicks on button that shows us the login form, Rose enters '892059' into Where the user write the username, Rose enters 'Choucair2021*' into Where the user write the password, Rose clicks on Press me to login]], When she search for the course on the Choucair academy platform
| strCourse |
| Metodología Bancolombia | [Rose search [Rose clicks on Choose what kind of course, Rose enters 'Metodología Bancolombia' into Where the user write the course, Rose clicks on Click me to search the course, Rose clicks on Open the course]], Then she finds the course
| strCourse |
| Metodología Bancolombia | [Then answer]
[Test worker] WARN net.thucydides.core.steps.BaseStepListener - testFinished: Search for automation course:Given that Rose wants to learn automation at the academy Choucair
| strUser | strPassword |
| 892059 | Choucair2021* | [Rose open up [Rose opens the Choucair academy page], Rose login [Rose clicks on button that shows us the login form, Rose enters '892059' into Where the user write the username, Rose enters 'Choucair2021*' into Where the user write the password, Rose clicks on Press me to login]], When she search for the course on the Choucair academy platform
| strCourse |
| Metodología Bancolombia | [Rose search [Rose clicks on Choose what kind of course, Rose enters 'Metodología Bancolombia' into Where the user write the course, Rose clicks on Click me to search the course, Rose clicks on Open the course]], Then she finds the course
| strCourse |
| Metodología Bancolombia | [Then answer]
[Test worker] WARN net.thucydides.core.steps.BaseStepListener - TestOutcomes: [Search for automation course:Given that Rose wants to learn automation at the academy Choucair
| strUser | strPassword |
| 892059 | Choucair2021* | [Rose open up [Rose opens the Choucair academy page], Rose login [Rose clicks on button that shows us the login form, Rose enters '892059' into Where the user write the username, Rose enters 'Choucair2021*' into Where the user write the password, Rose clicks on Press me to login]], When she search for the course on the Choucair academy platform
| strCourse |
| Metodología Bancolombia | [Rose search [Rose clicks on Choose what kind of course, Rose enters 'Metodología Bancolombia' into Where the user write the course, Rose clicks on Click me to search the course, Rose clicks on Open the course]], Then she finds the course
| strCourse |
| Metodología Bancolombia | [Then answer]]
[Test worker] WARN net.thucydides.core.steps.BaseStepListener - Final testOutcomes: [Search for automation course:Given that Rose wants to learn automation at the academy Choucair
| strUser | strPassword |
| 892059 | Choucair2021* | [Rose open up [Rose opens the Choucair academy page], Rose login [Rose clicks on button that shows us the login form, Rose enters '892059' into Where the user write the username, Rose enters 'Choucair2021*' into Where the user write the password, Rose clicks on Press me to login]], When she search for the course on the Choucair academy platform
| strCourse |
| Metodología Bancolombia | [Rose search [Rose clicks on Choose what kind of course, Rose enters 'Metodología Bancolombia' into Where the user write the course, Rose clicks on Click me to search the course, Rose clicks on Open the course]], Then she finds the course
| strCourse |
| Metodología Bancolombia | [Then answer]]
[Test worker] INFO net.thucydides.core.steps.ConsoleLoggingListener - 
        __    _____ _____ ____ _____   ____   _    ____  ____  _____ ____  
  _     \ \  |_   _| ____/ ___|_   _| |  _ \ / \  / ___|/ ___|| ____|  _ \ 
 (_)_____| |   | | |  _| \___ \ | |   | |_) / _ \ \___ \\___ \|  _| | | | |
  _|_____| |   | | | |___ ___) || |   |  __/ ___ \ ___) |___) | |___| |_| |
 (_)     | |   |_| |_____|____/ |_|   |_| /_/   \_\____/|____/|_____|____/ 
        /_/                                                                

TEST PASSED: Search for automation course
----------------------------------------------------------------------------
]]></system-err>
</testsuite>
